frontend/build/app/intermediates/manifest_merge_blame_file/release/manifest-merger-blame-release-report.txt
1<?xml version="1.0" encoding="utf-8"?>
2<manifest xmlns:android="http://schemas.android.com/apk/res/android"
3    package="com.example.frontend"
4    android:versionCode="1"
5    android:versionName="1.0.0" >
6
7    <uses-sdk
8        android:minSdkVersion="19"
8-->src/main/AndroidManifest.xml
9        android:targetSdkVersion="33" />
9-->src/main/AndroidManifest.xml
10
11    <uses-permission android:name="android.permission.INTERNET" />
11-->src/main/AndroidManifest.xml:33:5-66
11-->src/main/AndroidManifest.xml:33:22-64
12
13    <permission
13-->[androidx.core:core:1.10.1] AndroidManifest.xml:22:5-24:47
14        android:name="com.example.frontend.DYNAMIC_RECEIVER_NOT_EXPORTED_PERMISSION"
14-->[androidx.core:core:1.10.1] AndroidManifest.xml:23:9-81
15        android:protectionLevel="signature" />
15-->[androidx.core:core:1.10.1] AndroidManifest.xml:24:9-44
16
17    <uses-permission android:name="com.example.frontend.DYNAMIC_RECEIVER_NOT_EXPORTED_PERMISSION" />
17-->[androidx.core:core:1.10.1] AndroidManifest.xml:26:5-97
17-->[androidx.core:core:1.10.1] AndroidManifest.xml:26:22-94
18
19    <application
20        android:name="android.app.Application"
20-->src/main/AndroidManifest.xml:4:9-42
21        android:appComponentFactory="androidx.core.app.CoreComponentFactory"
21-->[androidx.core:core:1.10.1] AndroidManifest.xml:28:18-86
22        android:icon="@mipmap/ic_launcher"
22-->src/main/AndroidManifest.xml:5:9-43
23        android:label="3DMedia" >
23-->src/main/AndroidManifest.xml:3:9-32
24        <activity
24-->src/main/AndroidManifest.xml:6:9-26:20
25            android:name="com.example.frontend.MainActivity"
25-->src/main/AndroidManifest.xml:7:13-41
26            android:configChanges="orientation|keyboardHidden|keyboard|screenSize|smallestScreenSize|locale|layoutDirection|fontScale|screenLayout|density|uiMode"
26-->src/main/AndroidManifest.xml:11:13-163
27            android:exported="true"
27-->src/main/AndroidManifest.xml:8:13-36
28            android:hardwareAccelerated="true"
28-->src/main/AndroidManifest.xml:12:13-47
29            android:launchMode="singleTop"
29-->src/main/AndroidManifest.xml:9:13-43
30            android:theme="@style/LaunchTheme"
30-->src/main/AndroidManifest.xml:10:13-47
31            android:windowSoftInputMode="adjustResize" >
31-->src/main/AndroidManifest.xml:13:13-55
32
33            <!--
34                 Specifies an Android theme to apply to this Activity as soon as
35                 the Android process has started. This theme is visible to the user
36                 while the Flutter UI initializes. After that, this theme continues
37                 to determine the Window background behind the Flutter UI.
38            -->
39            <meta-data
39-->src/main/AndroidManifest.xml:18:13-21:17
40                android:name="io.flutter.embedding.android.NormalTheme"
40-->src/main/AndroidManifest.xml:19:15-70
41                android:resource="@style/NormalTheme" />
41-->src/main/AndroidManifest.xml:20:15-52
42
43            <intent-filter>
43-->src/main/AndroidManifest.xml:22:13-25:29
44                <action android:name="android.intent.action.MAIN" />
44-->src/main/AndroidManifest.xml:23:17-68
44-->src/main/AndroidManifest.xml:23:25-66
45
46                <category android:name="android.intent.category.LAUNCHER" />
46-->src/main/AndroidManifest.xml:24:17-76
46-->src/main/AndroidManifest.xml:24:27-74
47            </intent-filter>
48        </activity>
49        <!--
50             Don't delete the meta-data below.
51             This is used by the Flutter tool to generate GeneratedPluginRegistrant.java
52        -->
53        <meta-data
53-->src/main/AndroidManifest.xml:29:9-31:33
54            android:name="flutterEmbedding"
54-->src/main/AndroidManifest.xml:30:13-44
55            android:value="2" />
55-->src/main/AndroidManifest.xml:31:13-30
56
57        <provider
57-->[:image_picker_android] AndroidManifest.xml:10:9-18:20
58            android:name="io.flutter.plugins.imagepicker.ImagePickerFileProvider"
58-->[:image_picker_android] AndroidManifest.xml:11:13-82
59            android:authorities="com.example.frontend.flutter.image_provider"
59-->[:image_picker_android] AndroidManifest.xml:12:13-74
60            android:exported="false"
60-->[:image_picker_android] AndroidManifest.xml:13:13-37
61            android:grantUriPermissions="true" >
61-->[:image_picker_android] AndroidManifest.xml:14:13-47
62            <meta-data
62-->[:image_picker_android] AndroidManifest.xml:15:13-17:75
63                android:name="android.support.FILE_PROVIDER_PATHS"
63-->[:image_picker_android] AndroidManifest.xml:16:17-67
64                android:resource="@xml/flutter_image_picker_file_paths" />
64-->[:image_picker_android] AndroidManifest.xml:17:17-72
65        </provider>
66
67        <uses-library
67-->[androidx.window:window:1.0.0-beta04] AndroidManifest.xml:25:9-27:40
68            android:name="androidx.window.extensions"
68-->[androidx.window:window:1.0.0-beta04] AndroidManifest.xml:26:13-54
69            android:required="false" />
69-->[androidx.window:window:1.0.0-beta04] AndroidManifest.xml:27:13-37
70        <uses-library
70-->[androidx.window:window:1.0.0-beta04] AndroidManifest.xml:28:9-30:40
71            android:name="androidx.window.sidecar"
71-->[androidx.window:window:1.0.0-beta04] AndroidManifest.xml:29:13-51
72            android:required="false" />
72-->[androidx.window:window:1.0.0-beta04] AndroidManifest.xml:30:13-37
73
74        <provider
74-->[androidx.profileinstaller:profileinstaller:1.3.0] AndroidManifest.xml:24:9-32:20
75            android:name="androidx.startup.InitializationProvider"
75-->[androidx.profileinstaller:profileinstaller:1.3.0] AndroidManifest.xml:25:13-67
76            android:authorities="com.example.frontend.androidx-startup"
76-->[androidx.profileinstaller:profileinstaller:1.3.0] AndroidManifest.xml:26:13-68
77            android:exported="false" >
77-->[androidx.profileinstaller:profileinstaller:1.3.0] AndroidManifest.xml:27:13-37
78            <meta-data
78-->[androidx.profileinstaller:profileinstaller:1.3.0] AndroidManifest.xml:29:13-31:52
79                android:name="androidx.profileinstaller.ProfileInstallerInitializer"
79-->[androidx.profileinstaller:profileinstaller:1.3.0] AndroidManifest.xml:30:17-85
80                android:value="androidx.startup" />
80-->[androidx.profileinstaller:profileinstaller:1.3.0] AndroidManifest.xml:31:17-49
81        </provider>
82
83        <receiver
83-->[androidx.profileinstaller:profileinstaller:1.3.0] AndroidManifest.xml:34:9-52:20
84            android:name="androidx.profileinstaller.ProfileInstallReceiver"
84-->[androidx.profileinstaller:profileinstaller:1.3.0] AndroidManifest.xml:35:13-76
85            android:directBootAware="false"
85-->[androidx.profileinstaller:profileinstaller:1.3.0] AndroidManifest.xml:36:13-44
86            android:enabled="true"
86-->[androidx.profileinstaller:profileinstaller:1.3.0] AndroidManifest.xml:37:13-35
87            android:exported="true"
87-->[androidx.profileinstaller:profileinstaller:1.3.0] AndroidManifest.xml:38:13-36
88            android:permission="android.permission.DUMP" >
88-->[androidx.profileinstaller:profileinstaller:1.3.0] AndroidManifest.xml:39:13-57
89            <intent-filter>
89-->[androidx.profileinstaller:profileinstaller:1.3.0] AndroidManifest.xml:40:13-42:29
90                <action android:name="androidx.profileinstaller.action.INSTALL_PROFILE" />
90-->[androidx.profileinstaller:profileinstaller:1.3.0] AndroidManifest.xml:41:17-91
90-->[androidx.profileinstaller:profileinstaller:1.3.0] AndroidManifest.xml:41:25-88
91            </intent-filter>
92            <intent-filter>
92-->[androidx.profileinstaller:profileinstaller:1.3.0] AndroidManifest.xml:43:13-45:29
93                <action android:name="androidx.profileinstaller.action.SKIP_FILE" />
93-->[androidx.profileinstaller:profileinstaller:1.3.0] AndroidManifest.xml:44:17-85
93-->[androidx.profileinstaller:profileinstaller:1.3.0] AndroidManifest.xml:44:25-82
94            </intent-filter>
95            <intent-filter>
95-->[androidx.profileinstaller:profileinstaller:1.3.0] AndroidManifest.xml:46:13-48:29
96                <action android:name="androidx.profileinstaller.action.SAVE_PROFILE" />
96-->[androidx.profileinstaller:profileinstaller:1.3.0] AndroidManifest.xml:47:17-88
96-->[androidx.profileinstaller:profileinstaller:1.3.0] AndroidManifest.xml:47:25-85
97            </intent-filter>
98            <intent-filter>
98-->[androidx.profileinstaller:profileinstaller:1.3.0] AndroidManifest.xml:49:13-51:29
99                <action android:name="androidx.profileinstaller.action.BENCHMARK_OPERATION" />
99-->[androidx.profileinstaller:profileinstaller:1.3.0] AndroidManifest.xml:50:17-95
99-->[androidx.profileinstaller:profileinstaller:1.3.0] AndroidManifest.xml:50:25-92
100            </intent-filter>
101        </receiver>
102    </application>
103
104</manifest>